Request method:	GET
Request URI:	http://api.lemonban.com/futureloan/member/null/info
Proxy:			<none>
Request params:	<none>
Query params:	<none>
Form params:	<none>
Path params:	<none>
Headers:		Authorization=Bearer null
				X-Lemonban-Media-Type=lemonban.v2
				Accept=*/*
				Content-Type=application/json; charset=UTF-8
Cookies:		<none>
Multiparts:		<none>
Body:			<none>
HTTP/1.1 200 
Server: nginx/1.4.2
Date: Wed, 13 Oct 2021 08:41:07 GMT
Content-Type: application/json;charset=utf-8
Transfer-Encoding: chunked
Connection: keep-alive

{
    "code": 1003,
    "copyright": "Copyright 柠檬班 © 2017-2020 湖南省零檬信息技术有限公司 All Rights Reserved",
    "msg": "无法解析的JSON值，请检查token或Authorization请求头"
}
